0 info it worked if it ends with ok
1 verbose cli [ 'node',
1 verbose cli   '/usr/local/bin/npm',
1 verbose cli   'install',
1 verbose cli   '-g',
1 verbose cli   'express-generator' ]
2 info using npm@1.4.28
3 info using node@v0.10.34
4 verbose cache add [ 'express-generator', null ]
5 verbose cache add name=undefined spec="express-generator" args=["express-generator",null]
6 verbose parsed url { protocol: null,
6 verbose parsed url   slashes: null,
6 verbose parsed url   auth: null,
6 verbose parsed url   host: null,
6 verbose parsed url   port: null,
6 verbose parsed url   hostname: null,
6 verbose parsed url   hash: null,
6 verbose parsed url   search: null,
6 verbose parsed url   query: null,
6 verbose parsed url   pathname: 'express-generator',
6 verbose parsed url   path: 'express-generator',
6 verbose parsed url   href: 'express-generator' }
7 silly lockFile 198a68d8-express-generator express-generator
8 verbose lock express-generator /Users/ale/.npm/198a68d8-express-generator.lock
9 silly lockFile 198a68d8-express-generator express-generator
10 silly lockFile 198a68d8-express-generator express-generator
11 verbose addNamed [ 'express-generator', '' ]
12 verbose addNamed [ null, '*' ]
13 silly lockFile bd41e3d3-express-generator express-generator@
14 verbose lock express-generator@ /Users/ale/.npm/bd41e3d3-express-generator.lock
15 silly addNameRange { name: 'express-generator', range: '*', hasData: false }
16 verbose request where is /express-generator
17 verbose request registry https://registry.npmjs.org/
18 verbose request id 5882529fa5f2a85b
19 verbose url raw /express-generator
20 verbose url resolving [ 'https://registry.npmjs.org/', './express-generator' ]
21 verbose url resolved https://registry.npmjs.org/express-generator
22 verbose request where is https://registry.npmjs.org/express-generator
23 info trying registry request attempt 1 at 16:09:45
24 verbose etag "61X94LQDRI8SL8GGGC5JKBV6M"
25 http GET https://registry.npmjs.org/express-generator
26 http 200 https://registry.npmjs.org/express-generator
27 silly registry.get cb [ 200,
27 silly registry.get   { date: 'Wed, 18 Feb 2015 21:09:47 GMT',
27 silly registry.get     server: 'CouchDB/1.5.0 (Erlang OTP/R16B03)',
27 silly registry.get     etag: '"9LEDNBUQFES5NAC1VKJ7XDLQ3"',
27 silly registry.get     'content-type': 'application/json',
27 silly registry.get     'cache-control': 'max-age=60',
27 silly registry.get     'content-length': '21724',
27 silly registry.get     'accept-ranges': 'bytes',
27 silly registry.get     via: '1.1 varnish',
27 silly registry.get     age: '0',
27 silly registry.get     'x-served-by': 'cache-jfk1021-JFK',
27 silly registry.get     'x-cache': 'HIT',
27 silly registry.get     'x-cache-hits': '1',
27 silly registry.get     'x-timer': 'S1424293787.020220,VS0,VE87',
27 silly registry.get     vary: 'Accept',
27 silly registry.get     'keep-alive': 'timeout=10, max=50',
27 silly registry.get     connection: 'Keep-Alive' } ]
28 silly addNameRange number 2 { name: 'express-generator', range: '*', hasData: true }
29 silly addNameRange versions [ 'express-generator',
29 silly addNameRange   [ '1.0.0',
29 silly addNameRange     '3.0.0',
29 silly addNameRange     '4.0.0',
29 silly addNameRange     '4.2.0',
29 silly addNameRange     '4.8.0',
29 silly addNameRange     '4.9.0',
29 silly addNameRange     '4.10.0',
29 silly addNameRange     '4.11.0',
29 silly addNameRange     '4.11.1',
29 silly addNameRange     '4.11.2' ] ]
30 verbose addNamed [ 'express-generator', '4.11.2' ]
31 verbose addNamed [ '4.11.2', '4.11.2' ]
32 silly lockFile 7d8371f1-express-generator-4-11-2 express-generator@4.11.2
33 verbose lock express-generator@4.11.2 /Users/ale/.npm/7d8371f1-express-generator-4-11-2.lock
34 silly lockFile 67ebb57a-tor-express-generator-4-11-2-tgz https://registry.npmjs.org/express-generator/-/express-generator-4.11.2.tgz
35 verbose lock https://registry.npmjs.org/express-generator/-/express-generator-4.11.2.tgz /Users/ale/.npm/67ebb57a-tor-express-generator-4-11-2-tgz.lock
36 verbose addRemoteTarball [ 'https://registry.npmjs.org/express-generator/-/express-generator-4.11.2.tgz',
36 verbose addRemoteTarball   'f8c78730ca07c191129f50471b401786c26ebbc5' ]
37 info retry fetch attempt 1 at 16:09:46
38 verbose fetch to= /var/folders/sh/rqz0_7492776x6w5x1kkfcnm0000gp/T/npm-48121-C5PJkDV7/registry.npmjs.org/express-generator/-/express-generator-4.11.2.tgz
39 http GET https://registry.npmjs.org/express-generator/-/express-generator-4.11.2.tgz
40 http 200 https://registry.npmjs.org/express-generator/-/express-generator-4.11.2.tgz
41 silly lockFile 67ebb57a-tor-express-generator-4-11-2-tgz https://registry.npmjs.org/express-generator/-/express-generator-4.11.2.tgz
42 silly lockFile 67ebb57a-tor-express-generator-4-11-2-tgz https://registry.npmjs.org/express-generator/-/express-generator-4.11.2.tgz
43 silly lockFile 7d8371f1-express-generator-4-11-2 express-generator@4.11.2
44 silly lockFile 7d8371f1-express-generator-4-11-2 express-generator@4.11.2
45 silly lockFile bd41e3d3-express-generator express-generator@
46 silly lockFile bd41e3d3-express-generator express-generator@
47 error Error: EACCES, mkdir '/Users/ale/.npm/express-generator/4.11.2'
47 error  { [Error: EACCES, mkdir '/Users/ale/.npm/express-generator/4.11.2']
47 error   errno: 3,
47 error   code: 'EACCES',
47 error   path: '/Users/ale/.npm/express-generator/4.11.2' }
48 error Please try running this command again as root/Administrator.
49 error System Darwin 14.1.0
50 error command "node" "/usr/local/bin/npm" "install" "-g" "express-generator"
51 error cwd /Users/ale/apps/ppu
52 error node -v v0.10.34
53 error npm -v 1.4.28
54 error path /Users/ale/.npm/express-generator/4.11.2
55 error code EACCES
56 error errno 3
57 error stack Error: EACCES, mkdir '/Users/ale/.npm/express-generator/4.11.2'
58 verbose exit [ 3, true ]
